<?xml version="1.0" encoding="UTF-8"?>
<!-- Generated by org.testng.reporters.JUnitReportReporter -->
<testsuite hostname="ALIPLR2155" name="MyDashboard.VerifyShopNowLink" tests="1" failures="0" timestamp="18 Apr 2018 10:18:22 GMT" time="34.542" errors="0">
  <testcase name="verifyShopNowLink" time="34.542" classname="MyDashboard.VerifyShopNowLink"/>
</testsuite> <!-- MyDashboard.VerifyShopNowLink -->
