<?xml version="1.0" encoding="UTF-8"?>
<!-- Generated by org.testng.reporters.JUnitReportReporter -->
<testsuite hostname="ALIPLR2155" failures="0" tests="1" name="com.hrm.scripts.MyAccountTab" time="9.675" errors="0" timestamp="29 Jan 2018 13:21:22 GMT">
  <testcase classname="com.hrm.scripts.MyAccountTab" name="verifyMyAccountTabOnDashboard" time="9.675"/>
</testsuite> <!-- com.hrm.scripts.MyAccountTab -->
