<?xml version="1.0" encoding="UTF-8"?>
<!-- Generated by org.testng.reporters.JUnitReportReporter -->
<testsuite hostname="ALIPLR2155" name="ChurchDashboard.VerifyChurchDashboard" tests="1" failures="0" timestamp="19 Apr 2018 11:59:56 GMT" time="31.480" errors="0">
  <testcase name="verifyChurchDashboard" time="31.480" classname="ChurchDashboard.VerifyChurchDashboard"/>
</testsuite> <!-- ChurchDashboard.VerifyChurchDashboard -->
