<?xml version="1.0" encoding="UTF-8"?>
<!-- Generated by org.testng.reporters.JUnitReportReporter -->
<testsuite hostname="ALIPLR2153" failures="0" tests="1" name="Sprint2.VerifyIncompletePopupIfUserNotAssociateChurch" time="66.154" errors="0" timestamp="18 Apr 2018 10:41:50 GMT" skipped="0">
  <testcase classname="Sprint2.VerifyIncompletePopupIfUserNotAssociateChurch" name="verifyIncompletePopupIfUserNotAssociateChurch" time="66.154"/>
</testsuite> <!-- Sprint2.VerifyIncompletePopupIfUserNotAssociateChurch -->
