<?xml version="1.0" encoding="UTF-8"?>
<!-- Generated by org.testng.reporters.JUnitReportReporter -->
<testsuite hostname="ALIPLR2155" failures="0" tests="1" name="com.myaw.scripts.VerifyViewAllOrders" time="16.474" errors="0" timestamp="1 Feb 2018 14:11:52 GMT">
  <testcase classname="com.myaw.scripts.VerifyViewAllOrders" name="viewAllOrdersItems" time="16.474"/>
</testsuite> <!-- com.myaw.scripts.VerifyViewAllOrders -->
