<?xml version="1.0" encoding="UTF-8"?>
<!-- Generated by org.testng.reporters.JUnitReportReporter -->
<testsuite hostname="ALIPLR2155" name="MyDashboard.VerifyOrderToDisplay" tests="1" failures="0" timestamp="18 Apr 2018 09:40:35 GMT" time="17.973" errors="0">
  <testcase name="verifyMyDashboardTab" time="17.973" classname="MyDashboard.VerifyOrderToDisplay"/>
</testsuite> <!-- MyDashboard.VerifyOrderToDisplay -->
