<?xml version="1.0" encoding="UTF-8"?>
<!-- Generated by org.testng.reporters.JUnitReportReporter -->
<testsuite hostname="ALIPLR2155" name="MyOrders.MyOrdersDefaultFiveLInks" tests="1" failures="0" timestamp="18 Apr 2018 10:37:19 GMT" time="20.622" errors="0">
  <testcase name="myOrdersDefaultFiveLInks" time="20.622" classname="MyOrders.MyOrdersDefaultFiveLInks"/>
</testsuite> <!-- MyOrders.MyOrdersDefaultFiveLInks -->
