<?xml version="1.0" encoding="UTF-8"?>
<!-- Generated by org.testng.reporters.JUnitReportReporter -->
<testsuite hostname="ALIPLR2155" name="SocialMediaLoginRegister.NewUserFlow" tests="1" failures="0" timestamp="19 Apr 2018 21:34:01 GMT" time="96.772" errors="0">
  <testcase name="verifyNewUserEndToEndFlow" time="96.772" classname="SocialMediaLoginRegister.NewUserFlow"/>
</testsuite> <!-- SocialMediaLoginRegister.NewUserFlow -->
