<?xml version="1.0" encoding="UTF-8"?>
<!-- Generated by org.testng.reporters.JUnitReportReporter -->
<testsuite hostname="ALIPLR2155" name="MyDashboard.VerifyDefaultFiveLInks" tests="1" failures="0" timestamp="18 Apr 2018 09:59:32 GMT" time="17.915" errors="0">
  <testcase name="verifyDefaultFiveLInks" time="17.915" classname="MyDashboard.VerifyDefaultFiveLInks"/>
</testsuite> <!-- MyDashboard.VerifyDefaultFiveLInks -->
