<?xml version="1.0" encoding="UTF-8"?>
<!-- Generated by org.testng.reporters.JUnitReportReporter -->
<testsuite hostname="ALIPLR2155" name="SocialMediaLoginRegister.LoginViaTwitter" tests="1" failures="0" timestamp="19 Apr 2018 21:26:21 GMT" time="102.283" errors="0">
  <testcase name="loginWithTwitter" time="102.283" classname="SocialMediaLoginRegister.LoginViaTwitter"/>
</testsuite> <!-- SocialMediaLoginRegister.LoginViaTwitter -->
