<?xml version="1.0" encoding="UTF-8"?>
<!-- Generated by org.testng.reporters.JUnitReportReporter -->
<testsuite hostname="ALIPLR2155" name="ChangePassword.ChangePasswordErrorMessage" tests="1" failures="0" timestamp="18 Apr 2018 11:40:55 GMT" time="24.956" errors="0">
  <testcase name="changePasswordErrorMessage" time="24.956" classname="ChangePassword.ChangePasswordErrorMessage"/>
</testsuite> <!-- ChangePassword.ChangePasswordErrorMessage -->
