<?xml version="1.0" encoding="UTF-8"?>
<!-- Generated by org.testng.reporters.JUnitReportReporter -->
<testsuite hostname="ALIPLR2155" name="SocialMediaLoginRegister.LoginViaFaceBook" tests="1" failures="0" timestamp="19 Apr 2018 21:29:51 GMT" time="76.645" errors="0">
  <testcase name="loginWithFacebook" time="76.645" classname="SocialMediaLoginRegister.LoginViaFaceBook"/>
</testsuite> <!-- SocialMediaLoginRegister.LoginViaFaceBook -->
