<?xml version="1.0" encoding="UTF-8"?>
<!-- Generated by org.testng.reporters.JUnitReportReporter -->
<testsuite hostname="ALIPLR2153" failures="0" tests="1" name="Sprint2.VerifyIncompleteAddresspopup" time="26.881" errors="0" timestamp="18 Apr 2018 11:53:54 GMT" skipped="0">
  <testcase classname="Sprint2.VerifyIncompleteAddresspopup" name="verifyIncompleteAddresspopup" time="26.881"/>
</testsuite> <!-- Sprint2.VerifyIncompleteAddresspopup -->
