<?xml version="1.0" encoding="UTF-8"?>
<!-- Generated by org.testng.reporters.JUnitReportReporter -->
<testsuite hostname="ALIPLR2155" name="MyOrders.MyOrdersShopNowLink" tests="1" failures="0" timestamp="18 Apr 2018 11:02:52 GMT" time="23.070" errors="0">
  <testcase name="myOrdersShopNowLink" time="23.070" classname="MyOrders.MyOrdersShopNowLink"/>
</testsuite> <!-- MyOrders.MyOrdersShopNowLink -->
