<?xml version="1.0" encoding="UTF-8"?>
<!-- Generated by org.testng.reporters.JUnitReportReporter -->
<testsuite hostname="ALIPLR2155" name="ManagePrograms.EditManagePrograms" tests="1" failures="0" timestamp="19 Apr 2018 15:50:40 GMT" time="28.854" errors="0">
  <testcase name="editManagePrograms" time="28.854" classname="ManagePrograms.EditManagePrograms"/>
</testsuite> <!-- ManagePrograms.EditManagePrograms -->
