<?xml version="1.0" encoding="UTF-8"?>
<!-- Generated by org.testng.reporters.JUnitReportReporter -->
<testsuite hostname="ALIPLR2155" name="MyDashboard.VerifyViewAllOrders" tests="1" failures="0" timestamp="18 Apr 2018 10:09:35 GMT" time="22.378" errors="0">
  <testcase name="verifyViewAllOrders" time="22.378" classname="MyDashboard.VerifyViewAllOrders"/>
</testsuite> <!-- MyDashboard.VerifyViewAllOrders -->
