<?xml version="1.0" encoding="UTF-8"?>
<!-- Generated by org.testng.reporters.JUnitReportReporter -->
<testsuite hostname="ALIPLR2155" failures="0" tests="1" name="com.hrm.scripts.VerifyViewAllOrders" time="14.327" errors="0" timestamp="25 Jan 2018 13:46:06 GMT" skipped="0">
  <testcase classname="com.hrm.scripts.VerifyViewAllOrders" name="viewAllOrdersItems" time="14.327"/>
</testsuite> <!-- com.hrm.scripts.VerifyViewAllOrders -->
