<?xml version="1.0" encoding="UTF-8"?>
<!-- Generated by org.testng.reporters.JUnitReportReporter -->
<testsuite hostname="ALIPLR2155" name="ManageLeaders.ManageLeaderUpdate" tests="1" failures="0" timestamp="19 Apr 2018 21:17:14 GMT" time="77.067" errors="0">
  <testcase name="manageLeaderUpdate" time="77.067" classname="ManageLeaders.ManageLeaderUpdate"/>
</testsuite> <!-- ManageLeaders.ManageLeaderUpdate -->
