<?xml version="1.0" encoding="UTF-8"?>
<!-- Generated by org.testng.reporters.JUnitReportReporter -->
<testsuite hostname="ALIPLR2155" failures="0" tests="1" name="com.hrm.scripts.LoginIntoMyAwana" time="28.758" errors="0" timestamp="22 Jan 2018 09:36:00 GMT" skipped="0">
  <testcase classname="com.hrm.scripts.LoginIntoMyAwana" name="testLoginIntoMyAwana" time="28.758"/>
</testsuite> <!-- com.hrm.scripts.LoginIntoMyAwana -->
