<?xml version="1.0" encoding="UTF-8"?>
<!-- Generated by org.testng.reporters.JUnitReportReporter -->
<testsuite hostname="ALIPLR2153" failures="0" tests="1" name="Sprint7.LoginWithFacebook" time="30.071" errors="0" timestamp="15 Apr 2018 19:06:42 GMT" skipped="0">
  <testcase classname="Sprint7.LoginWithFacebook" name="loginWithFacebook" time="30.071"/>
</testsuite> <!-- Sprint7.LoginWithFacebook -->
