<?xml version="1.0" encoding="UTF-8"?>
<!-- Generated by org.testng.reporters.JUnitReportReporter -->
<testsuite hostname="ALIPLR2155" name="MyProfile.EditMyProfile" tests="1" failures="0" timestamp="18 Apr 2018 12:59:38 GMT" time="30.477" errors="0">
  <testcase name="editProfile" time="30.477" classname="MyProfile.EditMyProfile"/>
</testsuite> <!-- MyProfile.EditMyProfile -->
