<?xml version="1.0" encoding="UTF-8"?>
<!-- Generated by org.testng.reporters.JUnitReportReporter -->
<testsuite hostname="ALIPLR2155" failures="0" tests="1" name="com.myaw.scripts.RecentOrderFiveByDefault" time="9.480" errors="0" timestamp="1 Feb 2018 14:11:52 GMT">
  <testcase classname="com.myaw.scripts.RecentOrderFiveByDefault" name="recentOrderFiveByDefault" time="9.480"/>
</testsuite> <!-- com.myaw.scripts.RecentOrderFiveByDefault -->
