<?xml version="1.0" encoding="UTF-8"?>
<!-- Generated by org.testng.reporters.JUnitReportReporter -->
<testsuite hostname="ALIPLR2155" name="MyDashboard.VerifyNoOrderToDispalyMessage" tests="1" failures="0" timestamp="18 Apr 2018 09:53:52 GMT" time="41.961" errors="0">
  <testcase name="verifyNoOrderToDispalyMessage" time="41.961" classname="MyDashboard.VerifyNoOrderToDispalyMessage"/>
</testsuite> <!-- MyDashboard.VerifyNoOrderToDispalyMessage -->
