<?xml version="1.0" encoding="UTF-8"?>
<!-- Generated by org.testng.reporters.JUnitReportReporter -->
<testsuite hostname="ALIPLR2153" failures="0" tests="1" name="Sprint7.ManageProgram" time="17.403" errors="0" timestamp="13 Apr 2018 21:19:15 GMT" skipped="0">
  <testcase classname="Sprint7.ManageProgram" name="editProfile" time="17.403"/>
</testsuite> <!-- Sprint7.ManageProgram -->
