<?xml version="1.0" encoding="UTF-8"?>
<!-- Generated by org.testng.reporters.JUnitReportReporter -->
<testsuite hostname="ALIPLR2155" name="MyDashboard.VerifyIncompleteAddresspopup" tests="1" failures="0" timestamp="18 Apr 2018 11:57:00 GMT" time="18.772" errors="0">
  <testcase name="verifyIncompleteAddresspopup" time="18.772" classname="MyDashboard.VerifyIncompleteAddresspopup"/>
</testsuite> <!-- MyDashboard.VerifyIncompleteAddresspopup -->
