<?xml version="1.0" encoding="UTF-8"?>
<!-- Generated by org.testng.reporters.JUnitReportReporter -->
<testsuite hostname="ALIPLR2155" name="MyOrders.VerifyMyOrderTab" tests="1" failures="0" timestamp="18 Apr 2018 10:30:18 GMT" time="22.024" errors="0">
  <testcase name="verifyMyOrderTab" time="22.024" classname="MyOrders.VerifyMyOrderTab"/>
</testsuite> <!-- MyOrders.VerifyMyOrderTab -->
