<?xml version="1.0" encoding="UTF-8"?>
<!-- Generated by org.testng.reporters.JUnitReportReporter -->
<testsuite hostname="ALIPLR2155" name="MyDashboard.MyDashboard" tests="1" failures="0" timestamp="18 Apr 2018 09:32:19 GMT" time="22.887" errors="0">
  <testcase name="verifyMyDashboardTab" time="22.887" classname="MyDashboard.MyDashboard"/>
</testsuite> <!-- MyDashboard.MyDashboard -->
