<?xml version="1.0" encoding="UTF-8"?>
<!-- Generated by org.testng.reporters.JUnitReportReporter -->
<testsuite hostname="ALIPLR2155" failures="0" tests="1" name="com.hrm.scripts.LoginLogoutTest" time="0.000" errors="0" timestamp="20 Jan 2018 10:34:19 GMT" skipped="1">
  <testcase classname="com.hrm.scripts.LoginLogoutTest" name="testAutoLoginLogout" time="0.000">
    <skipped/>
  </testcase> <!-- testAutoLoginLogout -->
</testsuite> <!-- com.hrm.scripts.LoginLogoutTest -->
