<?xml version="1.0" encoding="UTF-8"?>
<!-- Generated by org.testng.reporters.JUnitReportReporter -->
<testsuite hostname="ALIPLR2153" failures="0" tests="1" name="Sprint7.VerifyEditprofile" time="45.745" errors="0" timestamp="18 Apr 2018 12:11:36 GMT" skipped="0">
  <testcase classname="Sprint7.VerifyEditprofile" name="editProfile" time="45.745"/>
</testsuite> <!-- Sprint7.VerifyEditprofile -->
