<?xml version="1.0" encoding="UTF-8"?>
<!-- Generated by org.testng.reporters.JUnitReportReporter -->
<<<<<<< HEAD
<testsuite hostname="ALIPLR2155" name="com.myaw.scripts.VerifyMyRecentOrderHeaders" tests="1" failures="0" timestamp="8 Feb 2018 07:54:20 GMT" time="28.164" errors="0">
  <testcase name="myRecentOrdersHeaders" time="28.164" classname="com.myaw.scripts.VerifyMyRecentOrderHeaders"/>
=======
<testsuite hostname="ALIPLR2155" failures="0" tests="1" name="com.myaw.scripts.VerifyMyRecentOrderHeaders" time="15.145" errors="0" timestamp="4 Feb 2018 09:14:33 GMT">
  <testcase classname="com.myaw.scripts.VerifyMyRecentOrderHeaders" name="myRecentOrdersHeaders" time="15.145"/>
>>>>>>> 871727c185ead75842428da1e020f909a234c5c5
</testsuite> <!-- com.myaw.scripts.VerifyMyRecentOrderHeaders -->
