<?xml version="1.0" encoding="UTF-8"?>
<!-- Generated by org.testng.reporters.JUnitReportReporter -->
<testsuite hostname="ALIPLR2155" name="MyOrders.VerifyNoOrderToDispalyMessage" tests="1" failures="0" timestamp="18 Apr 2018 10:32:41 GMT" time="27.691" errors="0">
  <testcase name="verifyNoOrderToDispalyMessage" time="27.691" classname="MyOrders.VerifyNoOrderToDispalyMessage"/>
</testsuite> <!-- MyOrders.VerifyNoOrderToDispalyMessage -->
