<?xml version="1.0" encoding="UTF-8"?>
<!-- Generated by org.testng.reporters.JUnitReportReporter -->
<testsuite hostname="ALIPLR2153" failures="0" tests="1" name="Sprint7.LoginViaTwitter" time="38.265" errors="0" timestamp="18 Apr 2018 09:07:54 GMT" skipped="0">
  <testcase classname="Sprint7.LoginViaTwitter" name="loginWithTwitter" time="38.265"/>
</testsuite> <!-- Sprint7.LoginViaTwitter -->
