<?xml version="1.0" encoding="UTF-8"?>
<!-- Generated by org.testng.reporters.JUnitReportReporter -->
<testsuite hostname="ALIPLR2153" failures="0" tests="1" name="Sprint7.AddChurch" time="72.320" errors="0" timestamp="30 Mar 2018 11:41:25 GMT" skipped="0">
  <testcase classname="Sprint7.AddChurch" name="addChurch" time="72.320"/>
</testsuite> <!-- Sprint7.AddChurch -->
